#
# $static-counts
#
#     opcode       count-unpredicated    count-predicated
#
   5 ADC                           68                0
   8 ADD                         7485                0
  11 ADDSD                          9                0
  12 ADDSS                          9                0
  15 ADD_LOCK                      14                0
  31 AND                         5245                0
  33 ANDNPD                         1                0
  34 ANDNPS                         1                0
  35 ANDPD                         10                0
  36 ANDPS                          3                0
  37 AND_LOCK                      10                0
  63 BSF                          146                0
  64 BSR                           41                0
  65 BSWAP                         39                0
  66 BT                            81                0
  67 BTC                            5                0
  69 BTR                           13                0
  71 BTS                           27                0
  73 BZHI                          14                0
  75 CALL_NEAR                  10357                0
  77 CDQ                           11                0
  78 CDQE                         282                0
  81 CLD                            2                0
  92 CMC                            1                0
 109 CMP                        14137                0
 114 CMPSD_XMM                      1                0
 123 CMPXCHG_LOCK                 326                0
 124 COMISD                        11                0
 125 COMISS                        16                0
 127 CQO                            2                0
 140 CVTSD2SS                       1                0
 141 CVTSI2SD                      14                0
 142 CVTSI2SS                      13                0
 143 CVTSS2SD                       2                0
 150 CVTTSS2SI                      7                0
 152 CWDE                           1                0
 155 DEC                           10                0
 156 DEC_LOCK                       2                0
 157 DIV                           72                0
 160 DIVSD                          4                0
 161 DIVSS                          5                0
 166 ENCLU                          1                0
 178 FABS                           7                0
 179 FADD                          10                0
 183 FCHS                           4                0
 193 FCOMI                         13                0
 194 FCOMIP                         5                0
 200 FDIV                           1                0
 201 FDIVP                          5                0
 203 FDIVRP                         1                0
 213 FILD                          13                0
 217 FISTP                          6                0
 221 FLD                           81                0
 222 FLD1                           3                0
 223 FLDCW                         12                0
 224 FLDENV                         6                0
 230 FLDZ                           6                0
 231 FMUL                          10                0
 232 FMULP                          4                0
 237 FNSTCW                         8                0
 238 FNSTENV                        5                0
 239 FNSTSW                         5                0
 252 FSTP                         110                0
 255 FSUBP                          1                0
 256 FSUBR                          3                0
 257 FSUBRP                         2                0
 260 FUCOMI                         6                0
 261 FUCOMIP                       10                0
 264 FWAIT                          3                0
 265 FXAM                           5                0
 266 FXCH                          37                0
 280 HLT                            6                0
 284 IDIV                          12                0
 285 IMUL                         255                0
 287 INC                           60                0
 289 INCSSPQ                        3                0
 290 INC_LOCK                       5                0
 298 INT3                          13                0
 310 JB                           626                0
 311 JBE                         1601                0
 314 JL                           153                0
 315 JLE                          566                0
 316 JMP                        11373                0
 318 JNB                          982                0
 319 JNBE                        1791                0
 320 JNL                           54                0
 321 JNLE                         615                0
 322 JNO                            1                0
 324 JNS                          204                0
 325 JNZ                         8687                0
 326 JO                             8                0
 327 JP                            15                0
 329 JS                           597                0
 330 JZ                         11305                0
 343 KMOVB                          2                0
 344 KMOVD                        464                0
 345 KMOVQ                          2                0
 352 KORD                           4                0
 355 KORTESTD                      14                0
 368 KTESTD                         2                0
 371 KUNPCKBW                       2                0
 372 KUNPCKDQ                       2                0
 385 LDMXCSR                        2                0
 388 LEA                        11843                0
 389 LEAVE                          2                0
 391 LFENCE                         4                0
 407 LSL                            1                0
 427 MOV                        68731                0
 428 MOVAPD                        21                0
 429 MOVAPS                       773                0
 431 MOVD                         113                0
 436 MOVDQA                       312                0
 437 MOVDQU                       414                0
 438 MOVHLPS                        4                0
 440 MOVHPS                        25                0
 444 MOVMSKPD                       4                0
 445 MOVMSKPS                       3                0
 446 MOVNTDQ                       24                0
 454 MOVQ                         354                0
 458 MOVSD_XMM                     54                0
 462 MOVSS                         21                0
 464 MOVSX                        475                0
 465 MOVSXD                      1057                0
 467 MOVUPS                       812                0
 468 MOVZX                       5067                0
 472 MUL                           70                0
 475 MULSD                         14                0
 476 MULSS                         11                0
 480 NEG                          547                0
 482 NOP                        13545                0
 491 NOT                           81                0
 493 OR                          3183                0
 494 ORPD                           2                0
 495 ORPS                           1                0
 496 OR_LOCK                       14                0
 508 PADDB                          1                0
 509 PADDD                          3                0
 510 PADDQ                         23                0
 517 PAND                           3                0
 519 PAUSE                          8                0
 526 PCMPEQB                        1                0
 527 PCMPEQD                        5                0
 535 PCMPGTD                        3                0
 547 PEXTRW                         8                0
 595 PMOVMSKB                       2                0
 615 PMULUDQ                        6                0
 616 POP                         6917                0
 625 PREFETCHT0                    36                0
 634 PSHUFD                         7                0
 643 PSLLQ                          2                0
 649 PSRLDQ                         1                0
 654 PSUBQ                          1                0
 657 PSUBUSB                        1                0
 663 PUNPCKHBW                      1                0
 664 PUNPCKHDQ                      8                0
 665 PUNPCKHQDQ                     6                0
 666 PUNPCKHWD                      2                0
 667 PUNPCKLBW                      3                0
 668 PUNPCKLDQ                     44                0
 669 PUNPCKLQDQ                   163                0
 670 PUNPCKLWD                      4                0
 671 PUSH                        6185                0
 678 PXOR                         142                0
 686 RDPID                          1                0
 687 RDPKRU                         2                0
 694 RDTSC                          3                0
 695 RDTSCP                         6                0
 740 RET_NEAR                    4091                0
 743 ROL                          171                0
 744 ROR                           37                0
 753 RSTORSSP                       2                0
 756 SAR                          346                0
 757 SARX                          20                0
 758 SAVEPREVSSP                    2                0
 759 SBB                          178                0
 770 SETB                          20                0
 771 SETBE                         26                0
 772 SETL                          11                0
 773 SETLE                          8                0
 774 SETNB                          6                0
 775 SETNBE                        26                0
 776 SETNL                         10                0
 777 SETNLE                        52                0
 781 SETNZ                        334                0
 782 SETO                          10                0
 783 SETP                           3                0
 786 SETZ                         459                0
 787 SFENCE                         4                0
 796 SHL                         2327                0
 799 SHR                         1131                0
 800 SHRD                           1                0
 801 SHRX                           8                0
 802 SHUFPD                         4                0
 803 SHUFPS                         6                0
 815 STD                            1                0
 818 STMXCSR                       10                0
 826 SUB                         6053                0
 829 SUBSD                          2                0
 830 SUBSS                          4                0
 831 SUB_LOCK                       4                0
 833 SYSCALL                      461                0
 847 TEST                       11686                0
 856 TZCNT                        327                0
 858 UCOMISD                       14                0
 859 UCOMISS                        4                0
1226 VMOVAPS                        4                0
1227 VMOVD                         11                0
1229 VMOVDQA                      154                0
1231 VMOVDQA64                    196                0
1232 VMOVDQU                      328                0
1234 VMOVDQU32                      1                0
1235 VMOVDQU64                    491                0
1236 VMOVDQU8                       3                0
1245 VMOVNTDQ                      24                0
1249 VMOVQ                         13                0
1297 VPAND                          9                0
1312 VPBROADCASTB                  12                0
1313 VPBROADCASTD                   8                0
1320 VPCMPB                       326                0
1321 VPCMPD                       119                0
1322 VPCMPEQB                     268                0
1323 VPCMPEQD                     155                0
1338 VPCMPUB                       15                0
1456 VPMINUB                      152                0
1457 VPMINUD                       67                0
1468 VPMOVMSKB                    357                0
1512 VPOR                          15                0
1514 VPORQ                         12                0
1589 VPTERNLOGD                    22                0
1592 VPTESTMB                      44                0
1593 VPTESTMD                      36                0
1608 VPXOR                         27                0
1610 VPXORQ                        90                0
1703 VZEROALL                      19                0
1704 VZEROUPPER                    30                0
1710 WRPKRU                         1                0
1717 XADD_LOCK                     32                0
1719 XCHG                         249                0
1723 XOR                         6828                0
1724 XORPD                          4                0
1743 XTEST                         19                0
3000 *total                    237487                0
3001 *mem-atomic                  654                0
3002 *stack-read                24458               48
3003 *stack-write               27109                0
3004 *iprel-read                 4256                1
3005 *iprel-write                1343                0
3007 *mem-read-1                 5479                5
3008 *mem-read-2                 1032                0
3010 *mem-read-4                 8293               28
3014 *mem-read-8                31206               43
3016 *mem-read-10                  41                0
3022 *mem-read-16                 838                0
3034 *mem-read-28                   6                0
3038 *mem-read-32                1124                0
3070 *mem-read-64                  36                0
3519 *mem-write-1                2018                9
3520 *mem-write-2                 452                0
3522 *mem-write-4                6726                2
3526 *mem-write-8               27067               52
3528 *mem-write-10                 27                0
3534 *mem-write-16               1577                0
3546 *mem-write-28                  5                0
3550 *mem-write-32                489                0

#
# $dynamic-counts
#
#     opcode       count-unpredicated    count-predicated
#
   8 ADD                        52672                0
  31 AND                        18152                0
  63 BSF                          858                0
  64 BSR                            4                0
  66 BT                             5                0
  75 CALL_NEAR                   5829                0
  78 CDQE                          18                0
  93 CMOVB                          0               85
  94 CMOVBE                         0                2
  95 CMOVL                          0                2
  96 CMOVLE                         0               14
  97 CMOVNB                         0               22
  98 CMOVNBE                        0              164
 104 CMOVNZ                         0              424
 107 CMOVS                          0                2
 108 CMOVZ                          0             1497
 109 CMP                        69378                0
 123 CMPXCHG_LOCK                  86                0
 126 CPUID                         61                0
 127 CQO                            1                0
 157 DIV                         2099                0
 284 IDIV                           1                0
 285 IMUL                        1319                0
 287 INC                            2                0
 310 JB                          3048                0
 311 JBE                         5989                0
 314 JL                            17                0
 315 JLE                          918                0
 316 JMP                        12795                0
 318 JNB                         3431                0
 319 JNBE                        8782                0
 320 JNL                           21                0
 321 JNLE                        3576                0
 324 JNS                         1081                0
 325 JNZ                        33362                0
 326 JO                             1                0
 329 JS                           500                0
 330 JZ                         56513                0
 388 LEA                        25857                0
 427 MOV                       198012                0
 429 MOVAPS                       889                0
 431 MOVD                         119                0
 436 MOVDQA                      1127                0
 437 MOVDQU                       223                0
 439 MOVHPD                      1046                0
 440 MOVHPS                        14                0
 442 MOVLPD                      1046                0
 454 MOVQ                        1076                0
 464 MOVSX                        250                0
 465 MOVSXD                      5737                0
 467 MOVUPS                       696                0
 468 MOVZX                      25157                0
 472 MUL                           21                0
 480 NEG                           87                0
 482 NOP                        11209                0
 491 NOT                            9                0
 493 OR                          2677                0
 510 PADDQ                          4                0
 517 PAND                          12                0
 526 PCMPEQB                     2118                0
 527 PCMPEQD                        1                0
 592 PMINUB                        64                0
 595 PMOVMSKB                    1052                0
 616 POP                        17507                0
 623 POR                          212                0
 634 PSHUFD                        94                0
 642 PSLLDQ                       354                0
 649 PSRLDQ                       123                0
 652 PSUBB                        913                0
 664 PUNPCKHDQ                      1                0
 667 PUNPCKLBW                     92                0
 668 PUNPCKLDQ                     11                0
 669 PUNPCKLQDQ                   647                0
 670 PUNPCKLWD                     92                0
 671 PUSH                       21249                0
 678 PXOR                        1407                0
 694 RDTSC                          8                0
 740 RET_NEAR                    5824                0
 743 ROL                           49                0
 744 ROR                            2                0
 756 SAR                         1261                0
 757 SARX                           2                0
 759 SBB                           10                0
 770 SETB                         251                0
 771 SETBE                        144                0
 777 SETNLE                         1                0
 781 SETNZ                       3340                0
 782 SETO                          19                0
 786 SETZ                        1848                0
 796 SHL                         5411                0
 799 SHR                         9635                0
 802 SHUFPD                         9                0
 821 STOSQ                          0             1926
 826 SUB                        13180                0
 833 SYSCALL                       89                0
 847 TEST                       46206                0
 856 TZCNT                        621                0
1227 VMOVD                         74                0
1229 VMOVDQA                        4                0
1232 VMOVDQU                      399                0
1249 VMOVQ                          2                0
1312 VPBROADCASTB                  52                0
1322 VPCMPEQB                     908                0
1456 VPMINUB                      246                0
1468 VPMOVMSKB                    658                0
1512 VPOR                           6                0
1608 VPXOR                        605                0
1704 VZEROUPPER                   649                0
1719 XCHG                         451                0
1721 XGETBV                         1                0
1723 XOR                        13944                0
1728 XRSTOR                         2                0
1732 XSAVE                          2                0
3000 *total                    707637             4138
3001 *mem-atomic                  165                0
3002 *stack-read                75667                0
3003 *stack-write               64383                0
3004 *iprel-read                 9677                0
3005 *iprel-write                 960                0
3007 *mem-read-1                36661                0
3008 *mem-read-2                 4331                0
3010 *mem-read-4                30257                0
3014 *mem-read-8               101832                0
3022 *mem-read-16                1324                0
3038 *mem-read-32                 872                0
3519 *mem-write-1                3024                0
3520 *mem-write-2                  61                0
3522 *mem-write-4                9486                0
3526 *mem-write-8               64281                0
3534 *mem-write-16               1587                0
3582 *mem-write-64                  4                0
4094 LAST                           2                0
# $eof
